# JRE version: 7.0_11-b21
# Java VM: Java HotSpot(TM) 64-Bit Server VM (23.6-b04 mixed mode windows-amd64 compressed oops)
Heap
 PSYoungGen      total 61568K, used 51072K [0x00000000fa000000, 0x00000000ffe10000, 0x0000000100000000)
  eden space 61312K, 82% used [0x00000000fa000000,0x00000000fd1a8228,0x00000000fdbe0000)
  from space 256K, 87% used [0x00000000ffda0000,0x00000000ffdd8000,0x00000000ffde0000)
  to   space 192K, 0% used [0x00000000ffde0000,0x00000000ffde0000,0x00000000ffe10000)
 ParOldGen       total 92928K, used 70552K [0x00000000e8000000, 0x00000000edac0000, 0x00000000fa000000)
  object space 92928K, 75% used [0x00000000e8000000,0x00000000ec4e60f8,0x00000000edac0000)
 PSPermGen       total 96320K, used 74548K [0x00000000e0000000, 0x00000000e5e10000, 0x00000000e8000000)
  object space 96320K, 77% used [0x00000000e0000000,0x00000000e48cd260,0x00000000e5e10000)
GC Heap History (10 events):
Event: 71598.993 GC heap before
{Heap before GC invocations=893 (full 12):
 PSYoungGen      total 73152K, used 73143K [0x00000000fa000000, 0x00000000ffe80000, 0x0000000100000000)
  eden space 72896K, 100% used [0x00000000fa000000,0x00000000fe730000,0x00000000fe730000)
  from space 256K, 96% used [0x00000000ffe40000,0x00000000ffe7de60,0x00000000ffe80000)
  to   space 256K, 0% used [0x00000000ffe00000,0x00000000ffe00000,0x00000000ffe40000)
 ParOldGen       total 92928K, used 70173K [0x00000000e8000000, 0x00000000edac0000, 0x00000000fa000000)
  object space 92928K, 75% used [0x00000000e8000000,0x00000000ec487770,0x00000000edac0000)
 PSPermGen       total 96320K, used 74548K [0x00000000e0000000, 0x00000000e5e10000, 0x00000000e8000000)
  object space 96320K, 77% used [0x00000000e0000000,0x00000000e48cd110,0x00000000e5e10000)
Event: 71598.996 GC heap after
Heap after GC invocations=893 (full 12):
 PSYoungGen      total 70592K, used 256K [0x00000000fa000000, 0x00000000ffe50000, 0x0000000100000000)
  eden space 70336K, 0% used [0x00000000fa000000,0x00000000fa000000,0x00000000fe4b0000)
  from space 256K, 100% used [0x00000000ffe00000,0x00000000ffe40000,0x00000000ffe40000)
  to   space 64K, 0% used [0x00000000ffe40000,0x00000000ffe40000,0x00000000ffe50000)
 ParOldGen       total 92928K, used 70328K [0x00000000e8000000, 0x00000000edac0000, 0x00000000fa000000)
  object space 92928K, 75% used [0x00000000e8000000,0x00000000ec4ae0e8,0x00000000edac0000)
 PSPermGen       total 96320K, used 74548K [0x00000000e0000000, 0x00000000e5e10000, 0x00000000e8000000)
  object space 96320K, 77% used [0x00000000e0000000,0x00000000e48cd110,0x00000000e5e10000)
}
Event: 71701.001 GC heap before
{Heap before GC invocations=894 (full 12):
 PSYoungGen      total 70592K, used 70592K [0x00000000fa000000, 0x00000000ffe50000, 0x0000000100000000)
  eden space 70336K, 100% used [0x00000000fa000000,0x00000000fe4b0000,0x00000000fe4b0000)
  from space 256K, 100% used [0x00000000ffe00000,0x00000000ffe40000,0x00000000ffe40000)
  to   space 64K, 0% used [0x00000000ffe40000,0x00000000ffe40000,0x00000000ffe50000)
 ParOldGen       total 92928K, used 70328K [0x00000000e8000000, 0x00000000edac0000, 0x00000000fa000000)
  object space 92928K, 75% used [0x00000000e8000000,0x00000000ec4ae0e8,0x00000000edac0000)
 PSPermGen       total 96320K, used 74548K [0x00000000e0000000, 0x00000000e5e10000, 0x00000000e8000000)
  object space 96320K, 77% used [0x00000000e0000000,0x00000000e48cd110,0x00000000e5e10000)
Event: 71701.004 GC heap after
Heap after GC invocations=894 (full 12):
 PSYoungGen      total 67968K, used 64K [0x00000000fa000000, 0x00000000ffe50000, 0x0000000100000000)
  eden space 67904K, 0% used [0x00000000fa000000,0x00000000fa000000,0x00000000fe250000)
  from space 64K, 100% used [0x00000000ffe40000,0x00000000ffe50000,0x00000000ffe50000)
  to   space 320K, 0% used [0x00000000ffdb0000,0x00000000ffdb0000,0x00000000ffe00000)
 ParOldGen       total 92928K, used 70424K [0x00000000e8000000, 0x00000000edac0000, 0x00000000fa000000)
  object space 92928K, 75% used [0x00000000e8000000,0x00000000ec4c60e8,0x00000000edac0000)
 PSPermGen       total 96320K, used 74548K [0x00000000e0000000, 0x00000000e5e10000, 0x00000000e8000000)
  object space 96320K, 77% used [0x00000000e0000000,0x00000000e48cd110,0x00000000e5e10000)
}
Event: 71805.982 GC heap before
{Heap before GC invocations=895 (full 12):
 PSYoungGen      total 67968K, used 67968K [0x00000000fa000000, 0x00000000ffe50000, 0x0000000100000000)
  eden space 67904K, 100% used [0x00000000fa000000,0x00000000fe250000,0x00000000fe250000)
  from space 64K, 100% used [0x00000000ffe40000,0x00000000ffe50000,0x00000000ffe50000)
  to   space 320K, 0% used [0x00000000ffdb0000,0x00000000ffdb0000,0x00000000ffe00000)
 ParOldGen       total 92928K, used 70424K [0x00000000e8000000, 0x00000000edac0000, 0x00000000fa000000)
  object space 92928K, 75% used [0x00000000e8000000,0x00000000ec4c60e8,0x00000000edac0000)
 PSPermGen       total 96320K, used 74548K [0x00000000e0000000, 0x00000000e5e10000, 0x00000000e8000000)
  object space 96320K, 77% used [0x00000000e0000000,0x00000000e48cd110,0x00000000e5e10000)
Event: 71805.986 GC heap after
Heap after GC invocations=895 (full 12):
 PSYoungGen      total 65920K, used 256K [0x00000000fa000000, 0x00000000ffe50000, 0x0000000100000000)
  eden space 65600K, 0% used [0x00000000fa000000,0x00000000fa000000,0x00000000fe010000)
  from space 320K, 80% used [0x00000000ffdb0000,0x00000000ffdf0000,0x00000000ffe00000)
  to   space 320K, 0% used [0x00000000ffe00000,0x00000000ffe00000,0x00000000ffe50000)
 ParOldGen       total 92928K, used 70472K [0x00000000e8000000, 0x00000000edac0000, 0x00000000fa000000)
  object space 92928K, 75% used [0x00000000e8000000,0x00000000ec4d20f8,0x00000000edac0000)
 PSPermGen       total 96320K, used 74548K [0x00000000e0000000, 0x00000000e5e10000, 0x00000000e8000000)
  object space 96320K, 77% used [0x00000000e0000000,0x00000000e48cd110,0x00000000e5e10000)
}
Event: 71898.972 GC heap before
{Heap before GC invocations=896 (full 12):
 PSYoungGen      total 65920K, used 65856K [0x00000000fa000000, 0x00000000ffe50000, 0x0000000100000000)
  eden space 65600K, 100% used [0x00000000fa000000,0x00000000fe010000,0x00000000fe010000)
  from space 320K, 80% used [0x00000000ffdb0000,0x00000000ffdf0000,0x00000000ffe00000)
  to   space 320K, 0% used [0x00000000ffe00000,0x00000000ffe00000,0x00000000ffe50000)
 ParOldGen       total 92928K, used 70472K [0x00000000e8000000, 0x00000000edac0000, 0x00000000fa000000)
  object space 92928K, 75% used [0x00000000e8000000,0x00000000ec4d20f8,0x00000000edac0000)
 PSPermGen       total 96320K, used 74548K [0x00000000e0000000, 0x00000000e5e10000, 0x00000000e8000000)
  object space 96320K, 77% used [0x00000000e0000000,0x00000000e48cd110,0x00000000e5e10000)
Event: 71898.976 GC heap after
Heap after GC invocations=896 (full 12):
 PSYoungGen      total 63680K, used 256K [0x00000000fa000000, 0x00000000ffe40000, 0x0000000100000000)
  eden space 63424K, 0% used [0x00000000fa000000,0x00000000fa000000,0x00000000fddf0000)
  from space 256K, 100% used [0x00000000ffe00000,0x00000000ffe40000,0x00000000ffe40000)
  to   space 320K, 0% used [0x00000000ffda0000,0x00000000ffda0000,0x00000000ffdf0000)
 ParOldGen       total 92928K, used 70512K [0x00000000e8000000, 0x00000000edac0000, 0x00000000fa000000)
  object space 92928K, 75% used [0x00000000e8000000,0x00000000ec4dc0f8,0x00000000edac0000)
 PSPermGen       total 96320K, used 74548K [0x00000000e0000000, 0x00000000e5e10000, 0x00000000e8000000)
  object space 96320K, 77% used [0x00000000e0000000,0x00000000e48cd110,0x00000000e5e10000)
}
Event: 72363.275 GC heap before
{Heap before GC invocations=897 (full 12):
 PSYoungGen      total 63680K, used 63680K [0x00000000fa000000, 0x00000000ffe40000, 0x0000000100000000)
  eden space 63424K, 100% used [0x00000000fa000000,0x00000000fddf0000,0x00000000fddf0000)
  from space 256K, 100% used [0x00000000ffe00000,0x00000000ffe40000,0x00000000ffe40000)
  to   space 320K, 0% used [0x00000000ffda0000,0x00000000ffda0000,0x00000000ffdf0000)
 ParOldGen       total 92928K, used 70512K [0x00000000e8000000, 0x00000000edac0000, 0x00000000fa000000)
  object space 92928K, 75% used [0x00000000e8000000,0x00000000ec4dc0f8,0x00000000edac0000)
 PSPermGen       total 96320K, used 74548K [0x00000000e0000000, 0x00000000e5e10000, 0x00000000e8000000)
  object space 96320K, 77% used [0x00000000e0000000,0x00000000e48cd110,0x00000000e5e10000)
Event: 72363.281 GC heap after
Heap after GC invocations=897 (full 12):
 PSYoungGen      total 61568K, used 224K [0x00000000fa000000, 0x00000000ffe10000, 0x0000000100000000)
  eden space 61312K, 0% used [0x00000000fa000000,0x00000000fa000000,0x00000000fdbe0000)
  from space 256K, 87% used [0x00000000ffda0000,0x00000000ffdd8000,0x00000000ffde0000)
  to   space 192K, 0% used [0x00000000ffde0000,0x00000000ffde0000,0x00000000ffe10000)
 ParOldGen       total 92928K, used 70552K [0x00000000e8000000, 0x00000000edac0000, 0x00000000fa000000)
  object space 92928K, 75% used [0x00000000e8000000,0x00000000ec4e60f8,0x00000000edac0000)
 PSPermGen       total 96320K, used 74548K [0x00000000e0000000, 0x00000000e5e10000, 0x00000000e8000000)
  object space 96320K, 77% used [0x00000000e0000000,0x00000000e48cd110,0x00000000e5e10000)
}

